d:\other\portfolio\sophia_alnawasreh_asteroids (1979)_clone\build\obj\x64\debug\vc142.pdb
d:\other\portfolio\sophia_alnawasreh_asteroids (1979)_clone\build\obj\x64\debug\vc142.idb
d:\other\portfolio\sophia_alnawasreh_asteroids (1979)_clone\build\obj\x64\debug\vector2.obj
d:\other\portfolio\sophia_alnawasreh_asteroids (1979)_clone\build\obj\x64\debug\transform.obj
d:\other\portfolio\sophia_alnawasreh_asteroids (1979)_clone\build\obj\x64\debug\sprite.obj
d:\other\portfolio\sophia_alnawasreh_asteroids (1979)_clone\build\obj\x64\debug\sound.obj
d:\other\portfolio\sophia_alnawasreh_asteroids (1979)_clone\build\obj\x64\debug\rectangle.obj
d:\other\portfolio\sophia_alnawasreh_asteroids (1979)_clone\build\obj\x64\debug\music.obj
d:\other\portfolio\sophia_alnawasreh_asteroids (1979)_clone\build\obj\x64\debug\main.obj
d:\other\portfolio\sophia_alnawasreh_asteroids (1979)_clone\build\obj\x64\debug\image.obj
d:\other\portfolio\sophia_alnawasreh_asteroids (1979)_clone\build\obj\x64\debug\game.obj
d:\other\portfolio\sophia_alnawasreh_asteroids (1979)_clone\build\obj\x64\debug\font.obj
d:\other\portfolio\sophia_alnawasreh_asteroids (1979)_clone\build\obj\x64\debug\flyingsaucer.obj
d:\other\portfolio\sophia_alnawasreh_asteroids (1979)_clone\build\obj\x64\debug\enemyship.obj
d:\other\portfolio\sophia_alnawasreh_asteroids (1979)_clone\build\obj\x64\debug\color.obj
d:\other\portfolio\sophia_alnawasreh_asteroids (1979)_clone\build\obj\x64\debug\collider.obj
d:\other\portfolio\sophia_alnawasreh_asteroids (1979)_clone\build\obj\x64\debug\asteroidobjects.obj
d:\other\portfolio\sophia_alnawasreh_asteroids (1979)_clone\build\x64\debug\claudius.ilk
d:\other\portfolio\sophia_alnawasreh_asteroids (1979)_clone\build\x64\debug\claudius.exe
d:\other\portfolio\sophia_alnawasreh_asteroids (1979)_clone\build\x64\debug\claudius.pdb
d:\other\portfolio\sophia_alnawasreh_asteroids (1979)_clone\build\obj\x64\debug\claudius.tlog\cl.command.1.tlog
d:\other\portfolio\sophia_alnawasreh_asteroids (1979)_clone\build\obj\x64\debug\claudius.tlog\cl.read.1.tlog
d:\other\portfolio\sophia_alnawasreh_asteroids (1979)_clone\build\obj\x64\debug\claudius.tlog\cl.write.1.tlog
d:\other\portfolio\sophia_alnawasreh_asteroids (1979)_clone\build\obj\x64\debug\claudius.tlog\link.command.1.tlog
d:\other\portfolio\sophia_alnawasreh_asteroids (1979)_clone\build\obj\x64\debug\claudius.tlog\link.read.1.tlog
d:\other\portfolio\sophia_alnawasreh_asteroids (1979)_clone\build\obj\x64\debug\claudius.tlog\link.write.1.tlog
